2024-08-24 17:32:37,556 [INFO] Activator:176 - 


2024-08-24 17:32:37,562 [INFO] Activator:177 - !SESSION log4j initialized
2024-08-24 17:32:47,361 [INFO] LogOutputStream:77 - [STDOUT_REDIRECT] 
2024-08-24 17:32:50,988 [INFO] ApplicationProperties:184 - Using Application install path: C:\ST\STM32CubeIDE_1.16.0\STM32CubeIDE\plugins\com.st.stm32cube.common.mx_6.12.0.202406281431
2024-08-24 17:32:51,024 [INFO] DbMcusXml:78 - Set database path to: C:\ST\STM32CubeIDE_1.16.0\STM32CubeIDE\plugins\com.st.stm32cube.common.mx_6.12.0.202406281431\\db\/mcu/
2024-08-24 17:32:51,024 [INFO] ApiDb:274 - Set plugin database path to: C:\ST\STM32CubeIDE_1.16.0\STM32CubeIDE\plugins\com.st.stm32cube.common.mx_6.12.0.202406281431\\db\/plugins/boardmanager/
2024-08-24 17:32:51,025 [WARN] ApiDb:259 - Overriding images path with different value:  => C:\ST\STM32CubeIDE_1.16.0\STM32CubeIDE\plugins\com.st.stm32cube.common.mx_6.12.0.202406281431\\db\/plugins/mcufinder/images/
2024-08-24 17:32:51,037 [INFO] ApiDb:250 - Set database path to: C:\Users\Rahul\.stmcufinder\plugins\mcufinder//mcu/
2024-08-24 17:32:51,039 [INFO] DbMcusAds:125 - Set database path to: C:\Users\Rahul\.stmcufinder\plugins\mcufinder//mcu/
2024-08-24 17:32:51,043 [INFO] CrossReferenceDbSqlite:203 - Set database path to: C:\Users\Rahul\.stmcufinder\plugins\mcufinder//mcu/cs/
2024-08-24 17:32:51,213 [INFO] RulesReader:64 - Compatibility file has been processed (297 Rules)
2024-08-24 17:32:51,315 [INFO] DbMcusXml:78 - Set database path to: C:\ST\STM32CubeIDE_1.16.0\STM32CubeIDE\plugins\com.st.stm32cube.common.mx_6.12.0.202406281431\\db\/mcu/
2024-08-24 17:32:51,315 [INFO] ApiDb:274 - Set plugin database path to: C:\ST\STM32CubeIDE_1.16.0\STM32CubeIDE\plugins\com.st.stm32cube.common.mx_6.12.0.202406281431\\db\/plugins/boardmanager/
2024-08-24 17:32:51,315 [INFO] ApiDb:261 - Set plugin images path to: C:\ST\STM32CubeIDE_1.16.0\STM32CubeIDE\plugins\com.st.stm32cube.common.mx_6.12.0.202406281431\\db\/plugins/mcufinder/images/
2024-08-24 17:32:51,315 [WARN] DbFile:41 - Overriding database path with different value: C:\Users\Rahul\.stmcufinder\plugins\mcufinder/ => C:\Users\Rahul\.stmcufinder\plugins\mcufinder
2024-08-24 17:32:51,316 [INFO] ApiDb:250 - Set database path to: C:\Users\Rahul\.stmcufinder\plugins\mcufinder//mcu/
2024-08-24 17:32:51,316 [WARN] DbFile:41 - Overriding database path with different value: C:\Users\Rahul\.stmcufinder\plugins\mcufinder/ => C:\Users\Rahul\.stmcufinder\plugins\mcufinder
2024-08-24 17:32:51,316 [INFO] DbMcusAds:125 - Set database path to: C:\Users\Rahul\.stmcufinder\plugins\mcufinder//mcu/
2024-08-24 17:32:51,316 [WARN] DbFile:41 - Overriding database path with different value: C:\Users\Rahul\.stmcufinder\plugins\mcufinder/ => C:\Users\Rahul\.stmcufinder\plugins\mcufinder
2024-08-24 17:32:51,316 [WARN] DbFile:41 - Overriding database path with different value: C:\Users\Rahul\.stmcufinder\plugins\mcufinder/ => C:\Users\Rahul\.stmcufinder\plugins\mcufinder
2024-08-24 17:32:51,316 [INFO] CrossReferenceDbSqlite:203 - Set database path to: C:\Users\Rahul\.stmcufinder\plugins\mcufinder//mcu/cs/
2024-08-24 17:32:51,437 [INFO] MainPanel:268 - HeapMemory: 268435456
2024-08-24 17:32:51,602 [INFO] DbMcusXml:78 - Set database path to: C:\ST\STM32CubeIDE_1.16.0\STM32CubeIDE\plugins\com.st.stm32cube.common.mx_6.12.0.202406281431\\db\/mcu/
2024-08-24 17:32:51,602 [INFO] ApiDb:274 - Set plugin database path to: C:\ST\STM32CubeIDE_1.16.0\STM32CubeIDE\plugins\com.st.stm32cube.common.mx_6.12.0.202406281431\\db\/plugins/boardmanager/
2024-08-24 17:32:51,602 [INFO] ApiDb:261 - Set plugin images path to: C:\ST\STM32CubeIDE_1.16.0\STM32CubeIDE\plugins\com.st.stm32cube.common.mx_6.12.0.202406281431\\db\/plugins/mcufinder/images/
2024-08-24 17:32:51,602 [WARN] DbFile:41 - Overriding database path with different value: C:\Users\Rahul\.stmcufinder\plugins\mcufinder/ => C:\Users\Rahul\.stmcufinder\plugins\mcufinder
2024-08-24 17:32:51,603 [INFO] ApiDb:250 - Set database path to: C:\Users\Rahul\.stmcufinder\plugins\mcufinder//mcu/
2024-08-24 17:32:51,603 [WARN] DbFile:41 - Overriding database path with different value: C:\Users\Rahul\.stmcufinder\plugins\mcufinder/ => C:\Users\Rahul\.stmcufinder\plugins\mcufinder
2024-08-24 17:32:51,603 [INFO] DbMcusAds:125 - Set database path to: C:\Users\Rahul\.stmcufinder\plugins\mcufinder//mcu/
2024-08-24 17:32:51,603 [WARN] DbFile:41 - Overriding database path with different value: C:\Users\Rahul\.stmcufinder\plugins\mcufinder/ => C:\Users\Rahul\.stmcufinder\plugins\mcufinder
2024-08-24 17:32:51,603 [WARN] DbFile:41 - Overriding database path with different value: C:\Users\Rahul\.stmcufinder\plugins\mcufinder/ => C:\Users\Rahul\.stmcufinder\plugins\mcufinder
2024-08-24 17:32:51,603 [INFO] CrossReferenceDbSqlite:203 - Set database path to: C:\Users\Rahul\.stmcufinder\plugins\mcufinder//mcu/cs/
2024-08-24 17:32:51,630 [INFO] ApplicationProperties:184 - Using Application install path: C:\ST\STM32CubeIDE_1.16.0\STM32CubeIDE\plugins\com.st.stm32cube.common.mx_6.12.0.202406281431
2024-08-24 17:32:51,632 [INFO] PluginManage:196 - Search for loadable plugins [exclusion list=, ]
2024-08-24 17:32:51,633 [INFO] PluginManage:310 - Check plugin analytics
2024-08-24 17:32:51,896 [INFO] AnalyticsPlugin:253 - Accepted Software Licenses: 
2024-08-24 17:32:51,896 [INFO] AnalyticsPlugin:255 - Accepted CMSIS Pack Licenses: 
2024-08-24 17:32:51,897 [INFO] AnalyticsPlugin:257 - Accepted Firmware Licenses: 
2024-08-24 17:32:51,900 [INFO] PluginManage:359 - Loaded plugin analytics (category:tool,tabindex:-1)
2024-08-24 17:32:51,901 [INFO] PluginManage:310 - Check plugin cadmodel
2024-08-24 17:32:51,917 [INFO] CADModel:105 - Init CAD model plugin
2024-08-24 17:32:51,917 [INFO] PluginManage:359 - Loaded plugin cadmodel (category:power,tabindex:5)
2024-08-24 17:32:51,918 [INFO] PluginManage:310 - Check plugin clock
2024-08-24 17:32:51,943 [INFO] PluginManage:359 - Loaded plugin clock (category:base,tabindex:2)
2024-08-24 17:32:51,944 [INFO] PluginManage:310 - Check plugin ddr
2024-08-24 17:32:51,948 [INFO] PluginManage:359 - Loaded plugin ddr (category:tool,tabindex:6)
2024-08-24 17:32:51,948 [INFO] PluginManage:310 - Check plugin filemanager
2024-08-24 17:32:52,125 [INFO] PluginManage:359 - Loaded plugin filemanager (category:base,tabindex:10)
2024-08-24 17:32:52,126 [INFO] PluginManage:310 - Check plugin ipmanager
2024-08-24 17:32:52,137 [INFO] PluginManage:359 - Loaded plugin ipmanager (category:base,tabindex:5)
2024-08-24 17:32:52,138 [INFO] PluginManage:310 - Check plugin lpbam
2024-08-24 17:32:52,156 [INFO] PluginManage:359 - Loaded plugin lpbam (category:base,tabindex:0)
2024-08-24 17:32:52,156 [INFO] PluginManage:310 - Check plugin memorymap
2024-08-24 17:32:52,189 [INFO] PluginManage:359 - Loaded plugin memorymap (category:base,tabindex:4)
2024-08-24 17:32:52,189 [INFO] PluginManage:310 - Check plugin pinoutandconfiguration
2024-08-24 17:32:52,207 [INFO] PluginManage:359 - Loaded plugin pinoutandconfiguration (category:base,tabindex:1)
2024-08-24 17:32:52,207 [INFO] PluginManage:310 - Check plugin pinoutconfig
2024-08-24 17:32:52,306 [WARN] SupportedApi:132 - Cannot load RTOS API schema: s4s-elt-must-match.1: The content of 'definitions' must match (annotation?, (simpleType | complexType)?, (unique | key | keyref)*)). A problem was found starting at: attribute.
2024-08-24 17:32:52,470 [INFO] PluginManage:359 - Loaded plugin pinoutconfig (category:base,tabindex:0)
2024-08-24 17:32:52,470 [INFO] PluginManage:310 - Check plugin power
2024-08-24 17:32:52,499 [INFO] PluginManage:359 - Loaded plugin power (category:power,tabindex:4)
2024-08-24 17:32:52,499 [INFO] PluginManage:310 - Check plugin projectmanager
2024-08-24 17:32:52,537 [INFO] PluginManage:359 - Loaded plugin projectmanager (category:projectmanager,tabindex:4)
2024-08-24 17:32:52,538 [INFO] PluginManage:310 - Check plugin rif
2024-08-24 17:32:52,558 [INFO] PluginManage:359 - Loaded plugin rif (category:base,tabindex:3)
2024-08-24 17:32:52,559 [INFO] PluginManage:310 - Check plugin thirdparty
2024-08-24 17:32:52,923 [INFO] PluginManage:359 - Loaded plugin thirdparty (category:base,tabindex:-1)
2024-08-24 17:32:52,923 [WARN] IntegrityCheckThread:84 - waiting for thirdparty lock release [integrity check]
2024-08-24 17:32:52,923 [INFO] PluginManage:310 - Check plugin tools
2024-08-24 17:32:52,924 [INFO] IntegrityCheckThread:86 - entering critical section [integrity check]
2024-08-24 17:32:52,924 [INFO] ThirdPartyUpdaterWithRetryManager:70 - Updater plugin not ready yet. [1/15]
2024-08-24 17:32:52,960 [INFO] PluginManage:359 - Loaded plugin tools (category:base,tabindex:7)
2024-08-24 17:32:52,960 [INFO] PluginManage:310 - Check plugin tutovideos
2024-08-24 17:32:53,239 [INFO] PluginManage:359 - Loaded plugin tutovideos (category:base,tabindex:-1)
2024-08-24 17:32:53,240 [INFO] PluginManage:310 - Check plugin updater
2024-08-24 17:32:53,278 [INFO] PluginManage:359 - Loaded plugin updater (category:base,tabindex:12)
2024-08-24 17:32:53,278 [INFO] PluginManage:310 - Check plugin userauth
2024-08-24 17:32:53,288 [INFO] UserAuth:113 - Init User Auth plugin
2024-08-24 17:32:53,288 [INFO] PluginManage:359 - Loaded plugin userauth (category:base,tabindex:14)
2024-08-24 17:32:53,289 [INFO] PluginManage:283 - PluginManage : Loaded plugins [18]
2024-08-24 17:32:53,570 [INFO] PinOutPanel:1561 - setPackage(No Configuration,No Configuration)
2024-08-24 17:32:53,669 [INFO] CADModel:165 - CPN selected for project level
2024-08-24 17:32:53,669 [INFO] CADModel:114 - Register for checkConnection events
2024-08-24 17:32:53,704 [INFO] IPUIPlugin:80 - create IPUIPlugin
2024-08-24 17:32:53,704 [INFO] PluginManager:220 - loadIPPluginJar : add adc
2024-08-24 17:32:53,745 [INFO] IPUIPlugin:80 - create IPUIPlugin
2024-08-24 17:32:53,745 [INFO] PluginManager:220 - loadIPPluginJar : add aes
2024-08-24 17:32:53,778 [INFO] IPUIPlugin:80 - create IPUIPlugin
2024-08-24 17:32:53,778 [INFO] PluginManager:220 - loadIPPluginJar : add can
2024-08-24 17:32:53,798 [INFO] IPUIPlugin:80 - create IPUIPlugin
2024-08-24 17:32:53,798 [INFO] PluginManager:220 - loadIPPluginJar : add comp
2024-08-24 17:32:53,825 [INFO] IPUIPlugin:80 - create IPUIPlugin
2024-08-24 17:32:53,825 [INFO] PluginManager:220 - loadIPPluginJar : add cryp
2024-08-24 17:32:53,837 [INFO] IPUIPlugin:80 - create IPUIPlugin
2024-08-24 17:32:53,837 [INFO] PluginManager:220 - loadIPPluginJar : add ddr_ctrl_phy
2024-08-24 17:32:53,864 [INFO] IPUIPlugin:80 - create IPUIPlugin
2024-08-24 17:32:53,864 [INFO] PluginManager:220 - loadIPPluginJar : add dfsdm
2024-08-24 17:32:53,877 [INFO] IPUIPlugin:80 - create IPUIPlugin
2024-08-24 17:32:53,878 [INFO] PluginManager:220 - loadIPPluginJar : add dma
2024-08-24 17:32:53,920 [INFO] IPUIPlugin:80 - create IPUIPlugin
2024-08-24 17:32:53,921 [INFO] PluginManager:220 - loadIPPluginJar : add dma3
2024-08-24 17:32:53,969 [INFO] IPUIPlugin:80 - create IPUIPlugin
2024-08-24 17:32:53,969 [INFO] PluginManager:220 - loadIPPluginJar : add extmemmanager
2024-08-24 17:32:54,000 [INFO] IPUIPlugin:80 - create IPUIPlugin
2024-08-24 17:32:54,000 [INFO] PluginManager:220 - loadIPPluginJar : add fatfs
2024-08-24 17:32:54,051 [INFO] IPUIPlugin:80 - create IPUIPlugin
2024-08-24 17:32:54,052 [INFO] PluginManager:220 - loadIPPluginJar : add fmc
2024-08-24 17:32:54,069 [INFO] IPUIPlugin:80 - create IPUIPlugin
2024-08-24 17:32:54,069 [INFO] PluginManager:220 - loadIPPluginJar : add freertos
2024-08-24 17:32:54,090 [INFO] IPUIPlugin:80 - create IPUIPlugin
2024-08-24 17:32:54,090 [INFO] PluginManager:220 - loadIPPluginJar : add genericplugin
2024-08-24 17:32:54,174 [INFO] IPUIPlugin:80 - create IPUIPlugin
2024-08-24 17:32:54,174 [INFO] PluginManager:220 - loadIPPluginJar : add gfxmmu
2024-08-24 17:32:54,296 [INFO] IPUIPlugin:80 - create IPUIPlugin
2024-08-24 17:32:54,296 [INFO] PluginManager:220 - loadIPPluginJar : add gic
2024-08-24 17:32:54,311 [INFO] IPUIPlugin:80 - create IPUIPlugin
2024-08-24 17:32:54,311 [INFO] PluginManager:220 - loadIPPluginJar : add gpio
2024-08-24 17:32:54,394 [INFO] IPUIPlugin:80 - create IPUIPlugin
2024-08-24 17:32:54,394 [INFO] PluginManager:220 - loadIPPluginJar : add gtzc
2024-08-24 17:32:54,428 [INFO] IPUIPlugin:80 - create IPUIPlugin
2024-08-24 17:32:54,428 [INFO] PluginManager:220 - loadIPPluginJar : add hash
2024-08-24 17:32:54,478 [INFO] IPUIPlugin:80 - create IPUIPlugin
2024-08-24 17:32:54,478 [INFO] PluginManager:220 - loadIPPluginJar : add i2c
2024-08-24 17:32:54,512 [INFO] IPUIPlugin:80 - create IPUIPlugin
2024-08-24 17:32:54,512 [INFO] PluginManager:220 - loadIPPluginJar : add i2s
2024-08-24 17:32:54,551 [INFO] IPUIPlugin:80 - create IPUIPlugin
2024-08-24 17:32:54,551 [INFO] PluginManager:220 - loadIPPluginJar : add i3c
2024-08-24 17:32:54,636 [INFO] IPUIPlugin:80 - create IPUIPlugin
2024-08-24 17:32:54,636 [INFO] PluginManager:220 - loadIPPluginJar : add ipddr
2024-08-24 17:32:54,716 [INFO] IPUIPlugin:80 - create IPUIPlugin
2024-08-24 17:32:54,716 [INFO] PluginManager:220 - loadIPPluginJar : add linkedlist
2024-08-24 17:32:54,755 [INFO] IPUIPlugin:80 - create IPUIPlugin
2024-08-24 17:32:54,755 [INFO] PluginManager:220 - loadIPPluginJar : add lorawan
2024-08-24 17:32:54,815 [INFO] IPUIPlugin:80 - create IPUIPlugin
2024-08-24 17:32:54,816 [INFO] PluginManager:220 - loadIPPluginJar : add ltdc
2024-08-24 17:32:54,848 [INFO] IPUIPlugin:80 - create IPUIPlugin
2024-08-24 17:32:54,848 [INFO] PluginManager:220 - loadIPPluginJar : add mdma
2024-08-24 17:32:54,869 [INFO] IPUIPlugin:80 - create IPUIPlugin
2024-08-24 17:32:54,869 [INFO] PluginManager:220 - loadIPPluginJar : add nvic
2024-08-24 17:32:54,941 [INFO] IPUIPlugin:80 - create IPUIPlugin
2024-08-24 17:32:54,942 [INFO] PluginManager:220 - loadIPPluginJar : add opamp
2024-08-24 17:32:55,049 [INFO] IPUIPlugin:80 - create IPUIPlugin
2024-08-24 17:32:55,049 [INFO] PluginManager:220 - loadIPPluginJar : add openamp
2024-08-24 17:32:55,133 [INFO] IPUIPlugin:80 - create IPUIPlugin
2024-08-24 17:32:55,133 [INFO] PluginManager:220 - loadIPPluginJar : add pdm2pcm
2024-08-24 17:32:55,160 [INFO] IPUIPlugin:80 - create IPUIPlugin
2024-08-24 17:32:55,163 [INFO] PluginManager:220 - loadIPPluginJar : add plateformsettings
2024-08-24 17:32:55,210 [INFO] IPUIPlugin:80 - create IPUIPlugin
2024-08-24 17:32:55,210 [INFO] PluginManager:220 - loadIPPluginJar : add quadspi
2024-08-24 17:32:55,262 [INFO] IPUIPlugin:80 - create IPUIPlugin
2024-08-24 17:32:55,264 [INFO] PluginManager:220 - loadIPPluginJar : add radio
2024-08-24 17:32:55,294 [INFO] IPUIPlugin:80 - create IPUIPlugin
2024-08-24 17:32:55,294 [INFO] PluginManager:220 - loadIPPluginJar : add resmgrutility
2024-08-24 17:32:55,369 [INFO] IPUIPlugin:80 - create IPUIPlugin
2024-08-24 17:32:55,369 [INFO] PluginManager:220 - loadIPPluginJar : add sai
2024-08-24 17:32:55,423 [INFO] IPUIPlugin:80 - create IPUIPlugin
2024-08-24 17:32:55,423 [INFO] PluginManager:220 - loadIPPluginJar : add spi
2024-08-24 17:32:55,524 [INFO] IPUIPlugin:80 - create IPUIPlugin
2024-08-24 17:32:55,524 [INFO] PluginManager:220 - loadIPPluginJar : add stm32_wpan
2024-08-24 17:32:55,555 [INFO] IPUIPlugin:80 - create IPUIPlugin
2024-08-24 17:32:55,555 [INFO] PluginManager:220 - loadIPPluginJar : add tim
2024-08-24 17:32:55,635 [INFO] IPUIPlugin:80 - create IPUIPlugin
2024-08-24 17:32:55,635 [INFO] PluginManager:220 - loadIPPluginJar : add touchsensing
2024-08-24 17:32:55,668 [INFO] IPUIPlugin:80 - create IPUIPlugin
2024-08-24 17:32:55,669 [INFO] PluginManager:220 - loadIPPluginJar : add tracer_emb
2024-08-24 17:32:55,705 [INFO] IPUIPlugin:80 - create IPUIPlugin
2024-08-24 17:32:55,707 [INFO] PluginManager:220 - loadIPPluginJar : add ts
2024-08-24 17:32:55,746 [INFO] IPUIPlugin:80 - create IPUIPlugin
2024-08-24 17:32:55,746 [INFO] PluginManager:220 - loadIPPluginJar : add tsc
2024-08-24 17:32:55,786 [INFO] IPUIPlugin:80 - create IPUIPlugin
2024-08-24 17:32:55,786 [INFO] PluginManager:220 - loadIPPluginJar : add ucpd
2024-08-24 17:32:55,844 [INFO] IPUIPlugin:80 - create IPUIPlugin
2024-08-24 17:32:55,844 [INFO] PluginManager:220 - loadIPPluginJar : add usart
2024-08-24 17:32:55,896 [INFO] IPUIPlugin:80 - create IPUIPlugin
2024-08-24 17:32:55,897 [INFO] PluginManager:220 - loadIPPluginJar : add usbx
2024-08-24 17:32:55,926 [INFO] ThirdPartyUpdaterWithRetryManager:70 - Updater plugin not ready yet. [2/15]
2024-08-24 17:32:56,060 [INFO] CADModel:165 - CPN selected for project level
2024-08-24 17:32:56,060 [INFO] CADModel:114 - Register for checkConnection events
2024-08-24 17:32:56,061 [FATAL] Updater:334 - Updater called before beeing initialized
2024-08-24 17:32:56,061 [ERROR] CADModel:125 - Updater not yet initialized, retry later 
2024-08-24 17:32:56,279 [INFO] CADModel:165 - CPN selected for project level
2024-08-24 17:32:56,279 [INFO] CADModel:114 - Register for checkConnection events
2024-08-24 17:32:56,279 [FATAL] Updater:334 - Updater called before beeing initialized
2024-08-24 17:32:56,279 [ERROR] CADModel:125 - Updater not yet initialized, retry later 
2024-08-24 17:32:56,283 [FATAL] Updater:334 - Updater called before beeing initialized
2024-08-24 17:32:56,406 [FATAL] Updater:334 - Updater called before beeing initialized
2024-08-24 17:32:56,420 [INFO] DbMcusAds:53 - JSON generation date=Thu May 16 02:22:00 MST 2024 (1715851320667)
2024-08-24 17:32:56,420 [FATAL] Updater:334 - Updater called before beeing initialized
2024-08-24 17:32:56,485 [WARN] DetailPanel:346 - Failed to get advertising image, set to default
2024-08-24 17:32:56,565 [FATAL] Updater:334 - Updater called before beeing initialized
2024-08-24 17:32:56,569 [FATAL] Updater:334 - Updater called before beeing initialized
2024-08-24 17:32:56,570 [FATAL] Updater:334 - Updater called before beeing initialized
2024-08-24 17:32:56,570 [WARN] DetailPanel:346 - Failed to get advertising image, set to default
2024-08-24 17:32:56,571 [FATAL] Updater:334 - Updater called before beeing initialized
2024-08-24 17:32:56,704 [ERROR] Updater:1164 - MainUpdater not yet initialized. External WinMGr cannot be set.
2024-08-24 17:32:56,717 [INFO] Updater:1100 - Updater Version found : 6.12.0
2024-08-24 17:32:56,741 [INFO] ApplicationProperties:184 - Using Application install path: C:\ST\STM32CubeIDE_1.16.0\STM32CubeIDE\plugins\com.st.stm32cube.common.mx_6.12.0.202406281431
2024-08-24 17:32:57,179 [INFO] MainUpdater:2873 - connection check result : 10
2024-08-24 17:32:57,180 [INFO] MainUpdater:290 - Updater Check For Update Now.
2024-08-24 17:32:57,180 [INFO] MicroXplorer:498 - Change Database Version : DB.6.0.120
2024-08-24 17:32:57,206 [INFO] McuFinderGlobals:63 - Set McuFinder mode to 2 (CubeIDE integrated)
2024-08-24 17:32:57,206 [INFO] UserAuth:179 - activating auth plugin
2024-08-24 17:32:57,212 [INFO] UserAuth:417 - Internet connection configuration mode: 1
2024-08-24 17:32:57,297 [INFO] JxBrowserEngine:152 - Initiate JxBrowser Engine with user profile folder
2024-08-24 17:32:57,782 [INFO] CheckServerUpdateThread:120 - End of CheckServer Thread
2024-08-24 17:32:59,252 [WARN] PackLoader:240 - Cannot read IP mode file for STMicroelectronics.FP-SNS-MOTENVWB1.1.4.0
2024-08-24 17:32:59,280 [WARN] PackLoader:240 - Cannot read IP mode file for STMicroelectronics.X-CUBE-SMBUS.2.1.0
2024-08-24 17:32:59,338 [WARN] PackLoader:240 - Cannot read IP mode file for STMicroelectronics.X-CUBE-AZRTOS-F7.1.1.0
2024-08-24 17:32:59,448 [WARN] PackLoader:240 - Cannot read IP mode file for STMicroelectronics.X-CUBE-MEMS1.11.0.0
2024-08-24 17:32:59,645 [WARN] PackLoader:240 - Cannot read IP mode file for STMicroelectronics.FP-SNS-FLIGHT1.5.0.2
2024-08-24 17:32:59,671 [WARN] PackLoader:240 - Cannot read IP mode file for STMicroelectronics.X-CUBE-DISPLAY.3.0.0
2024-08-24 17:32:59,701 [WARN] PackLoader:240 - Cannot read IP mode file for STMicroelectronics.X-CUBE-BLE1.7.0.0
2024-08-24 17:32:59,726 [WARN] PackLoader:240 - Cannot read IP mode file for emotas.I-CUBE-CANOPEN.1.3.0
2024-08-24 17:32:59,759 [WARN] PackLoader:240 - Cannot read IP mode file for STMicroelectronics.X-CUBE-BLEMGR.3.1.0
2024-08-24 17:32:59,786 [WARN] PackLoader:240 - Cannot read IP mode file for STMicroelectronics.FP-SNS-SMARTAG2.1.2.0
2024-08-24 17:32:59,812 [INFO] LogOutputStream:77 - [STDOUT_REDIRECT] 1 : Invalid condition id : UX_CORESTACK_Condition cause : null
2024-08-24 17:32:59,813 [INFO] LogOutputStream:77 - [STDOUT_REDIRECT] 1 : Invalid condition id : UX_CORESTACK_Condition cause : null
2024-08-24 17:32:59,815 [INFO] LogOutputStream:77 - [STDOUT_REDIRECT] 1 : Invalid condition id : UX_CORESTACK_Condition cause : null
2024-08-24 17:32:59,817 [INFO] LogOutputStream:77 - [STDOUT_REDIRECT] 1 : Invalid condition id : UX_CORESTACK_Condition cause : null
2024-08-24 17:32:59,820 [INFO] LogOutputStream:77 - [STDOUT_REDIRECT] 1 : Invalid condition id : UX_CORESTACK_Condition cause : null
2024-08-24 17:32:59,824 [WARN] PackLoader:240 - Cannot read IP mode file for STMicroelectronics.X-CUBE-AZRTOS-WL.2.0.0
2024-08-24 17:32:59,843 [WARN] PackLoader:240 - Cannot read IP mode file for STMicroelectronics.FP-SNS-MOTENV1.5.0.0
2024-08-24 17:32:59,864 [WARN] PackLoader:240 - Cannot read IP mode file for wolfSSL.I-CUBE-wolfMQTT.1.19.0
2024-08-24 17:32:59,893 [WARN] PackLoader:240 - Cannot read IP mode file for WES.I-CUBE-Cesium.1.3.0
2024-08-24 17:32:59,919 [WARN] PackLoader:240 - Cannot read IP mode file for STMicroelectronics.X-CUBE-BLE2.3.3.0
2024-08-24 17:32:59,946 [WARN] PackLoader:240 - Cannot read IP mode file for STMicroelectronics.X-CUBE-TCPP.4.1.0
2024-08-24 17:33:00,005 [WARN] PackLoader:240 - Cannot read IP mode file for STMicroelectronics.X-CUBE-AZRTOS-G0.1.1.0
2024-08-24 17:33:00,050 [WARN] PackLoader:240 - Cannot read IP mode file for STMicroelectronics.X-CUBE-SAFEA1.1.2.2
2024-08-24 17:33:00,088 [WARN] PackLoader:240 - Cannot read IP mode file for STMicroelectronics.X-CUBE-NFC4.3.0.0
2024-08-24 17:33:00,161 [WARN] PackLoader:240 - Cannot read IP mode file for EmbeddedOffice.I-CUBE-FS-RTOS.1.0.1
2024-08-24 17:33:00,164 [ERROR] ConditionMgr:805 - Attr not supported : Dmpu
2024-08-24 17:33:00,165 [ERROR] ConditionMgr:805 - Attr not supported : Dmpu
2024-08-24 17:33:00,165 [ERROR] ConditionMgr:805 - Attr not supported : Dmpu
2024-08-24 17:33:00,165 [ERROR] ConditionMgr:805 - Attr not supported : Dmpu
2024-08-24 17:33:00,165 [ERROR] ConditionMgr:805 - Attr not supported : Dmpu
2024-08-24 17:33:00,165 [ERROR] ConditionMgr:805 - Attr not supported : Dmpu
2024-08-24 17:33:00,165 [ERROR] ConditionMgr:805 - Attr not supported : Dmpu
2024-08-24 17:33:00,165 [ERROR] ConditionMgr:805 - Attr not supported : Dmpu
2024-08-24 17:33:00,165 [ERROR] ConditionMgr:805 - Attr not supported : Dmpu
2024-08-24 17:33:00,166 [ERROR] ConditionMgr:805 - Attr not supported : Dmpu
2024-08-24 17:33:00,166 [ERROR] ConditionMgr:805 - Attr not supported : Dmpu
2024-08-24 17:33:00,166 [ERROR] ConditionMgr:805 - Attr not supported : Dmpu
2024-08-24 17:33:00,166 [ERROR] ConditionMgr:805 - Attr not supported : Dmpu
2024-08-24 17:33:00,166 [ERROR] ConditionMgr:805 - Attr not supported : Dmpu
2024-08-24 17:33:00,166 [ERROR] ConditionMgr:805 - Attr not supported : Dmpu
2024-08-24 17:33:00,167 [ERROR] ConditionMgr:805 - Attr not supported : Dmpu
2024-08-24 17:33:00,167 [ERROR] ConditionMgr:805 - Attr not supported : Dmpu
2024-08-24 17:33:00,167 [ERROR] ConditionMgr:805 - Attr not supported : Dmpu
2024-08-24 17:33:00,167 [ERROR] ConditionMgr:805 - Attr not supported : Dmpu
2024-08-24 17:33:00,167 [ERROR] ConditionMgr:805 - Attr not supported : Dmpu
2024-08-24 17:33:00,167 [ERROR] ConditionMgr:805 - Attr not supported : Dmpu
2024-08-24 17:33:00,167 [ERROR] ConditionMgr:805 - Attr not supported : Dmpu
2024-08-24 17:33:00,167 [ERROR] ConditionMgr:805 - Attr not supported : Dmpu
2024-08-24 17:33:00,167 [ERROR] ConditionMgr:805 - Attr not supported : Dmpu
2024-08-24 17:33:00,168 [ERROR] ConditionMgr:805 - Attr not supported : Dmpu
2024-08-24 17:33:00,168 [ERROR] ConditionMgr:805 - Attr not supported : Dmpu
2024-08-24 17:33:00,168 [ERROR] ConditionMgr:805 - Attr not supported : Dmpu
2024-08-24 17:33:00,168 [ERROR] ConditionMgr:805 - Attr not supported : Dmpu
2024-08-24 17:33:00,168 [ERROR] ConditionMgr:805 - Attr not supported : Dmpu
2024-08-24 17:33:00,168 [ERROR] ConditionMgr:805 - Attr not supported : Dmpu
2024-08-24 17:33:00,168 [ERROR] ConditionMgr:805 - Attr not supported : Dmpu
2024-08-24 17:33:00,169 [ERROR] ConditionMgr:805 - Attr not supported : Dmpu
2024-08-24 17:33:00,169 [ERROR] ConditionMgr:805 - Attr not supported : Dmpu
2024-08-24 17:33:00,169 [ERROR] ConditionMgr:805 - Attr not supported : Dmpu
2024-08-24 17:33:00,170 [ERROR] ConditionMgr:805 - Attr not supported : Dmpu
2024-08-24 17:33:00,170 [ERROR] ConditionMgr:805 - Attr not supported : Dmpu
2024-08-24 17:33:00,171 [ERROR] ConditionMgr:805 - Attr not supported : Dmpu
2024-08-24 17:33:00,171 [ERROR] ConditionMgr:805 - Attr not supported : Dmpu
2024-08-24 17:33:00,171 [ERROR] ConditionMgr:805 - Attr not supported : Dmpu
2024-08-24 17:33:00,171 [ERROR] ConditionMgr:805 - Attr not supported : Dmpu
2024-08-24 17:33:00,172 [ERROR] ConditionMgr:805 - Attr not supported : Dmpu
2024-08-24 17:33:00,172 [ERROR] ConditionMgr:805 - Attr not supported : Dmpu
2024-08-24 17:33:00,172 [ERROR] ConditionMgr:805 - Attr not supported : Dmpu
2024-08-24 17:33:00,172 [ERROR] ConditionMgr:805 - Attr not supported : Dmpu
2024-08-24 17:33:00,172 [ERROR] ConditionMgr:805 - Attr not supported : Dmpu
2024-08-24 17:33:00,172 [ERROR] ConditionMgr:805 - Attr not supported : Dmpu
2024-08-24 17:33:00,172 [ERROR] ConditionMgr:805 - Attr not supported : Dmpu
2024-08-24 17:33:00,173 [ERROR] ConditionMgr:805 - Attr not supported : Dmpu
2024-08-24 17:33:00,173 [ERROR] ConditionMgr:805 - Attr not supported : Dmpu
2024-08-24 17:33:00,173 [ERROR] ConditionMgr:805 - Attr not supported : Dmpu
2024-08-24 17:33:00,173 [ERROR] ConditionMgr:805 - Attr not supported : Dmpu
2024-08-24 17:33:00,174 [ERROR] ConditionMgr:805 - Attr not supported : Dmpu
2024-08-24 17:33:00,174 [ERROR] ConditionMgr:805 - Attr not supported : Dmpu
2024-08-24 17:33:00,174 [ERROR] ConditionMgr:805 - Attr not supported : Dmpu
2024-08-24 17:33:00,174 [ERROR] ConditionMgr:805 - Attr not supported : Dmpu
2024-08-24 17:33:00,176 [ERROR] ConditionMgr:805 - Attr not supported : Dmpu
2024-08-24 17:33:00,176 [ERROR] ConditionMgr:805 - Attr not supported : Dmpu
2024-08-24 17:33:00,176 [ERROR] ConditionMgr:805 - Attr not supported : Dmpu
2024-08-24 17:33:00,176 [ERROR] ConditionMgr:805 - Attr not supported : Dmpu
2024-08-24 17:33:00,177 [ERROR] ConditionMgr:805 - Attr not supported : Dmpu
2024-08-24 17:33:00,177 [ERROR] ConditionMgr:805 - Attr not supported : Dmpu
2024-08-24 17:33:00,177 [ERROR] ConditionMgr:805 - Attr not supported : Dmpu
2024-08-24 17:33:00,177 [ERROR] ConditionMgr:805 - Attr not supported : Dmpu
2024-08-24 17:33:00,178 [ERROR] ConditionMgr:805 - Attr not supported : Dmpu
2024-08-24 17:33:00,207 [WARN] PackLoader:240 - Cannot read IP mode file for RealThread.X-CUBE-RT-Thread_Nano.4.1.1
2024-08-24 17:33:00,230 [WARN] PackLoader:240 - Cannot read IP mode file for wolfSSL.I-CUBE-wolfSSL.5.7.0
2024-08-24 17:33:00,254 [WARN] PackLoader:240 - Cannot read IP mode file for STMicroelectronics.FP-ATR-SIGFOX1.3.2.0
2024-08-24 17:33:00,279 [WARN] PackLoader:240 - Cannot read IP mode file for STMicroelectronics.X-CUBE-EEPRMA1.5.1.0
2024-08-24 17:33:00,304 [WARN] PackLoader:240 - Cannot read IP mode file for ITTIA_DB.I-CUBE-ITTIADB.8.9.0
2024-08-24 17:33:00,356 [WARN] PackLoader:240 - Cannot read IP mode file for SEGGER.I-CUBE-embOS.1.3.1
2024-08-24 17:33:00,421 [WARN] PackLoader:240 - Cannot read IP mode file for STMicroelectronics.X-CUBE-ALGOBUILD.1.4.0
2024-08-24 17:33:00,446 [WARN] PackLoader:240 - Cannot read IP mode file for STMicroelectronics.X-CUBE-GNSS1.6.0.0
2024-08-24 17:33:00,494 [WARN] PackLoader:240 - Cannot read IP mode file for STMicroelectronics.X-CUBE-AZRTOS-F4.1.1.0
2024-08-24 17:33:00,521 [WARN] PackLoader:240 - Cannot read IP mode file for STMicroelectronics.X-CUBE-FREERTOS.1.2.0
2024-08-24 17:33:00,563 [WARN] PackLoader:240 - Cannot read IP mode file for STMicroelectronics.X-CUBE-AZRTOS-L5.2.0.0
2024-08-24 17:33:00,584 [WARN] PackLoader:240 - Cannot read IP mode file for STMicroelectronics.X-CUBE-NFC6.3.1.0
2024-08-24 17:33:00,609 [WARN] PackLoader:240 - Cannot read IP mode file for STMicroelectronics.X-CUBE-DPower.1.2.0
2024-08-24 17:33:00,633 [WARN] PackLoader:240 - Cannot read IP mode file for STMicroelectronics.X-CUBE-AI.9.0.0
2024-08-24 17:33:00,655 [WARN] PackLoader:240 - Cannot read IP mode file for STMicroelectronics.X-CUBE-NFC7.1.0.1
2024-08-24 17:33:00,676 [WARN] PackLoader:240 - Cannot read IP mode file for wolfSSL.I-CUBE-wolfTPM.3.2.0
2024-08-24 17:33:00,715 [WARN] ConditionMgr:438 - getConditionDescription Invalid condition id : LAN8742 Phy interface Condition cause : null
2024-08-24 17:33:00,716 [WARN] PackLoader:240 - Cannot read IP mode file for STMicroelectronics.X-CUBE-AZRTOS-L4.2.0.0
2024-08-24 17:33:00,718 [WARN] ConditionMgr:1039 - genDependencies : Invalid condition id : LAN8742 Phy interface Condition cause : null
2024-08-24 17:33:00,719 [WARN] ConditionMgr:1039 - genDependencies : Invalid condition id : LAN8742 Phy interface Condition cause : null
2024-08-24 17:33:00,719 [WARN] ConditionMgr:1039 - genDependencies : Invalid condition id : LAN8742 Phy interface Condition cause : null
2024-08-24 17:33:00,744 [WARN] PackLoader:240 - Cannot read IP mode file for STMicroelectronics.X-CUBE-SFXS2LP1.4.0.0
2024-08-24 17:33:00,790 [WARN] PackLoader:240 - Cannot read IP mode file for STMicroelectronics.X-CUBE-AZRTOS-H7.3.3.0
2024-08-24 17:33:00,826 [WARN] ConditionMgr:438 - getConditionDescription Invalid condition id : UX DEVICE CLASS RTOS Condition cause : null
2024-08-24 17:33:00,826 [WARN] ConditionMgr:438 - getConditionDescription Invalid condition id : UX DEVICE CLASS RTOS Condition cause : null
2024-08-24 17:33:00,829 [WARN] PackLoader:240 - Cannot read IP mode file for STMicroelectronics.X-CUBE-AZRTOS-WB.2.0.0
2024-08-24 17:33:00,830 [WARN] ConditionMgr:1039 - genDependencies : Invalid condition id : UX DEVICE CLASS RTOS Condition cause : null
2024-08-24 17:33:00,830 [WARN] ConditionMgr:1039 - genDependencies : Invalid condition id : UX DEVICE CLASS RTOS Condition cause : null
2024-08-24 17:33:00,831 [WARN] ConditionMgr:1039 - genDependencies : Invalid condition id : UX DEVICE CLASS RTOS Condition cause : null
2024-08-24 17:33:00,831 [WARN] ConditionMgr:1039 - genDependencies : Invalid condition id : UX DEVICE CLASS RTOS Condition cause : null
2024-08-24 17:33:00,831 [WARN] ConditionMgr:1039 - genDependencies : Invalid condition id : UX DEVICE CLASS RTOS Condition cause : null
2024-08-24 17:33:00,855 [WARN] PackLoader:240 - Cannot read IP mode file for STMicroelectronics.FP-SNS-STBOX1.2.0.0
2024-08-24 17:33:00,890 [WARN] PackLoader:240 - Cannot read IP mode file for STMicroelectronics.X-CUBE-SUBG2.5.0.0
2024-08-24 17:33:00,915 [WARN] PackLoader:240 - Cannot read IP mode file for Cesanta.I-CUBE-Mongoose.7.13.0
2024-08-24 17:33:00,960 [WARN] PackLoader:240 - Cannot read IP mode file for STMicroelectronics.X-CUBE-AZRTOS-G4.2.0.0
2024-08-24 17:33:00,986 [WARN] PackLoader:240 - Cannot read IP mode file for STMicroelectronics.X-CUBE-ISPU.2.0.0
2024-08-24 17:33:01,006 [WARN] PackLoader:240 - Cannot read IP mode file for STMicroelectronics.X-CUBE-ALS.1.0.2
2024-08-24 17:33:01,078 [WARN] PackLoader:240 - Cannot read IP mode file for STMicroelectronics.X-CUBE-MEMS1.10.0.0
2024-08-24 17:33:01,218 [WARN] PackLoader:240 - Cannot read IP mode file for STMicroelectronics.X-CUBE-TOUCHGFX.4.24.0
2024-08-24 17:33:01,241 [WARN] PackLoader:240 - Cannot read IP mode file for portGmbH.I-Cube-SoM-uGOAL.1.1.0
2024-08-24 17:33:01,289 [WARN] PackLoader:240 - Cannot read IP mode file for STMicroelectronics.X-CUBE-AZRTOS-H7RS.1.0.0
2024-08-24 17:33:01,321 [WARN] PackLoader:240 - Cannot read IP mode file for STMicroelectronics.FP-ATR-ASTRA1.2.0.0
2024-08-24 17:33:01,357 [WARN] PackLoader:240 - Cannot read IP mode file for STMicroelectronics.X-CUBE-TOF1.3.4.2
2024-08-24 17:33:01,420 [WARN] PackLoader:240 - Cannot read IP mode file for STMicroelectronics.X-CUBE-TOF1.3.4.1
2024-08-24 17:33:01,472 [WARN] PackLoader:240 - Cannot read IP mode file for STMicroelectronics.X-CUBE-AZRTOS-H7.3.2.0
2024-08-24 17:33:01,509 [WARN] PackLoader:240 - Cannot read IP mode file for Infineon.AIROC-Wi-Fi-Bluetooth-STM32.1.6.0
2024-08-24 17:33:01,546 [WARN] PackLoader:240 - Cannot read IP mode file for wolfSSL.I-CUBE-wolfSSH.1.4.17
2024-08-24 17:33:01,547 [INFO] ThirdParty:978 - Integrity check success = true
2024-08-24 17:33:01,548 [INFO] IntegrityCheckThread:100 - exiting critical section [integrity check]
2024-08-24 17:33:01,548 [INFO] IntegrityCheckThread:103 - End integrity checks thread
2024-08-24 17:33:02,160 [INFO] WebApp:167 - Instantiating new browser for Auth
2024-08-24 17:33:03,519 [INFO] WebApp:448 - Apply proxy settings
2024-08-24 17:33:03,520 [INFO] WebApp:533 - Chromium requires no authentication
2024-08-24 17:33:03,540 [INFO] WebApp:476 - Direct internet connection detected
2024-08-24 17:33:03,590 [INFO] WebApp:869 - Register for checkConnection events
2024-08-24 17:33:03,590 [INFO] WebApp:448 - Apply proxy settings
2024-08-24 17:33:03,590 [INFO] WebApp:533 - Chromium requires no authentication
2024-08-24 17:33:03,591 [INFO] WebApp:476 - Direct internet connection detected
2024-08-24 17:33:03,841 [INFO] WebApp:186 - Connection restablished
2024-08-24 17:33:04,040 [INFO] WebApp:220 - Starting web application
2024-08-24 17:33:04,041 [INFO] WebApp:578 - Web application path used C:\ST\STM32CubeIDE_1.16.0\STM32CubeIDE\plugins\com.st.stm32cube.common.mx_6.12.0.202406281431\db\plugins\mcufinder\reactClient1\index.html
2024-08-24 17:34:08,329 [ERROR] LogOutputStream:75 - [STDERR_REDIRECT] 
